  [1m[35m (0.5ms)[0m  [1m[35mCREATE TABLE "schema_migrations" ("version" varchar NOT NULL PRIMARY KEY) /*application='SmartEnroll'*/[0m
  [1m[35m (0.1ms)[0m  [1m[35mCREATE TABLE "ar_internal_metadata" ("key" varchar NOT NULL PRIMARY KEY, "value" varchar, "created_at" datetime(6) NOT NULL, "updated_at" datetime(6) NOT NULL) /*application='SmartEnroll'*/[0m
  [1m[36mActiveRecord::InternalMetadata Load (0.0ms)[0m  [1m[34mSELECT * FROM "ar_internal_metadata" WHERE "ar_internal_metadata"."key" = 'environment' ORDER BY "ar_internal_metadata"."key" ASC LIMIT 1 /*application='SmartEnroll'*/[0m
  [1m[36mActiveRecord::InternalMetadata Create (0.0ms)[0m  [1m[32mINSERT INTO "ar_internal_metadata" ("key", "value", "created_at", "updated_at") VALUES ('environment', 'development', '2025-03-08 18:27:04.580380', '2025-03-08 18:27:04.580381') RETURNING "key" /*application='SmartEnroll'*/[0m
  [1m[36mActiveRecord::SchemaMigration Load (0.0ms)[0m  [1m[34mSELECT "schema_migrations"."version" FROM "schema_migrations" ORDER BY "schema_migrations"."version" ASC /*application='SmartEnroll'*/[0m
Migrating to CreateAdmins (20250308182627)
  [1m[36mTRANSACTION (0.0ms)[0m  [1m[35mBEGIN immediate TRANSACTION /*application='SmartEnroll'*/[0m
  [1m[35m (0.7ms)[0m  [1m[35mCREATE TABLE "admins" ("id" integer PRIMARY KEY AUTOINCREMENT NOT NULL, "name" varchar, "email" varchar, "password_digest" varchar, "role" varchar, "created_at" datetime(6) NOT NULL, "updated_at" datetime(6) NOT NULL) /*application='SmartEnroll'*/[0m
  [1m[36mActiveRecord::SchemaMigration Create (0.0ms)[0m  [1m[32mINSERT INTO "schema_migrations" ("version") VALUES ('20250308182627') RETURNING "version" /*application='SmartEnroll'*/[0m
  [1m[36mTRANSACTION (0.0ms)[0m  [1m[35mCOMMIT TRANSACTION /*application='SmartEnroll'*/[0m
  [1m[36mActiveRecord::SchemaMigration Load (0.1ms)[0m  [1m[34mSELECT "schema_migrations"."version" FROM "schema_migrations" ORDER BY "schema_migrations"."version" ASC /*application='SmartEnroll'*/[0m
  [1m[36mActiveRecord::SchemaMigration Load (0.3ms)[0m  [1m[34mSELECT "schema_migrations"."version" FROM "schema_migrations" ORDER BY "schema_migrations"."version" ASC /*application='SmartEnroll'*/[0m
  [1m[36mActiveRecord::SchemaMigration Load (0.3ms)[0m  [1m[34mSELECT "schema_migrations"."version" FROM "schema_migrations" ORDER BY "schema_migrations"."version" ASC /*application='SmartEnroll'*/[0m
  [1m[36mTRANSACTION (0.0ms)[0m  [1m[35mBEGIN immediate TRANSACTION /*application='SmartEnroll'*/[0m
  [1m[36mAdmin Exists? (0.9ms)[0m  [1m[34mSELECT 1 AS one FROM "admins" WHERE "admins"."email" = 'admin@example.com' LIMIT 1 /*application='SmartEnroll'*/[0m
  [1m[36mAdmin Create (0.0ms)[0m  [1m[32mINSERT INTO "admins" ("name", "email", "password_digest", "role", "created_at", "updated_at") VALUES ('Super Admin', 'admin@example.com', '$2a$12$UwbhBD6JdIa0glr7PiANQu5vEKswT3J.sgRL9JC6T9HY5TSUq50gK', 'superadmin', '2025-03-08 18:57:07.237572', '2025-03-08 18:57:07.237572') RETURNING "id" /*application='SmartEnroll'*/[0m
  [1m[36mTRANSACTION (0.1ms)[0m  [1m[35mCOMMIT TRANSACTION /*application='SmartEnroll'*/[0m
  [1m[36mAdmin Load (0.2ms)[0m  [1m[34mSELECT "admins".* FROM "admins" ORDER BY "admins"."id" ASC LIMIT 1 /*application='SmartEnroll'*/[0m
Started GET "/signup" for ::1 at 2025-03-17 13:45:00 -0400
  [1m[36mActiveRecord::SchemaMigration Load (0.4ms)[0m  [1m[34mSELECT "schema_migrations"."version" FROM "schema_migrations" ORDER BY "schema_migrations"."version" ASC /*application='SmartEnroll'*/[0m
Processing by UsersController#new as HTML
Completed 406 Not Acceptable in 42ms (ActiveRecord: 0.0ms (0 queries, 0 cached) | GC: 0.0ms)


  
ActionController::MissingExactTemplate (UsersController#new is missing a template for request formats: text/html):
  
actionpack (8.0.1) lib/action_controller/metal/implicit_render.rb:49:in 'ActionController::ImplicitRender#default_render'
actionpack (8.0.1) lib/action_controller/metal/basic_implicit_render.rb:9:in 'ActionController::BasicImplicitRender#send_action'
actionpack (8.0.1) lib/abstract_controller/base.rb:226:in 'AbstractController::Base#process_action'
actionpack (8.0.1) lib/action_controller/metal/rendering.rb:193:in 'ActionController::Rendering#process_action'
actionpack (8.0.1) lib/abstract_controller/callbacks.rb:261:in 'block in AbstractController::Callbacks#process_action'
activesupport (8.0.1) lib/active_support/callbacks.rb:120:in 'block in ActiveSupport::Callbacks#run_callbacks'
turbo-rails (2.0.13) lib/turbo-rails.rb:24:in 'Turbo.with_request_id'
turbo-rails (2.0.13) app/controllers/concerns/turbo/request_id_tracking.rb:10:in 'Turbo::RequestIdTracking#turbo_tracking_request_id'
activesupport (8.0.1) lib/active_support/callbacks.rb:129:in 'block in ActiveSupport::Callbacks#run_callbacks'
actiontext (8.0.1) lib/action_text/rendering.rb:25:in 'ActionText::Rendering::ClassMethods#with_renderer'
actiontext (8.0.1) lib/action_text/engine.rb:71:in 'block (4 levels) in <class:Engine>'
activesupport (8.0.1) lib/active_support/callbacks.rb:129:in 'BasicObject#instance_exec'
activesupport (8.0.1) lib/active_support/callbacks.rb:129:in 'block in ActiveSupport::Callbacks#run_callbacks'
activesupport (8.0.1) lib/active_support/callbacks.rb:140:in 'ActiveSupport::Callbacks#run_callbacks'
actionpack (8.0.1) lib/abstract_controller/callbacks.rb:260:in 'AbstractController::Callbacks#process_action'
actionpack (8.0.1) lib/action_controller/metal/rescue.rb:27:in 'ActionController::Rescue#process_action'
actionpack (8.0.1) lib/action_controller/metal/instrumentation.rb:76:in 'block in ActionController::Instrumentation#process_action'
activesupport (8.0.1) lib/active_support/notifications.rb:210:in 'block in ActiveSupport::Notifications.instrument'
activesupport (8.0.1) lib/active_support/notifications/instrumenter.rb:58:in 'ActiveSupport::Notifications::Instrumenter#instrument'
activesupport (8.0.1) lib/active_support/notifications.rb:210:in 'ActiveSupport::Notifications.instrument'
actionpack (8.0.1) lib/action_controller/metal/instrumentation.rb:75:in 'ActionController::Instrumentation#process_action'
actionpack (8.0.1) lib/action_controller/metal/params_wrapper.rb:259:in 'ActionController::ParamsWrapper#process_action'
activerecord (8.0.1) lib/active_record/railties/controller_runtime.rb:39:in 'ActiveRecord::Railties::ControllerRuntime#process_action'
actionpack (8.0.1) lib/abstract_controller/base.rb:163:in 'AbstractController::Base#process'
actionview (8.0.1) lib/action_view/rendering.rb:40:in 'ActionView::Rendering#process'
actionpack (8.0.1) lib/action_controller/metal.rb:252:in 'ActionController::Metal#dispatch'
actionpack (8.0.1) lib/action_controller/metal.rb:335:in 'ActionController::Metal.dispatch'
actionpack (8.0.1) lib/action_dispatch/routing/route_set.rb:67:in 'ActionDispatch::Routing::RouteSet::Dispatcher#dispatch'
actionpack (8.0.1) lib/action_dispatch/routing/route_set.rb:50:in 'ActionDispatch::Routing::RouteSet::Dispatcher#serve'
actionpack (8.0.1) lib/action_dispatch/journey/router.rb:53:in 'block in ActionDispatch::Journey::Router#serve'
actionpack (8.0.1) lib/action_dispatch/journey/router.rb:133:in 'block in ActionDispatch::Journey::Router#find_routes'
actionpack (8.0.1) lib/action_dispatch/journey/router.rb:126:in 'Array#each'
actionpack (8.0.1) lib/action_dispatch/journey/router.rb:126:in 'ActionDispatch::Journey::Router#find_routes'
actionpack (8.0.1) lib/action_dispatch/journey/router.rb:34:in 'ActionDispatch::Journey::Router#serve'
actionpack (8.0.1) lib/action_dispatch/routing/route_set.rb:908:in 'ActionDispatch::Routing::RouteSet#call'
railties (8.0.1) lib/rails/engine/lazy_route_set.rb:68:in 'Rails::Engine::LazyRouteSet#call'
rack (3.1.11) lib/rack/tempfile_reaper.rb:20:in 'Rack::TempfileReaper#call'
rack (3.1.11) lib/rack/etag.rb:29:in 'Rack::ETag#call'
rack (3.1.11) lib/rack/conditional_get.rb:31:in 'Rack::ConditionalGet#call'
rack (3.1.11) lib/rack/head.rb:15:in 'Rack::Head#call'
actionpack (8.0.1) lib/action_dispatch/http/permissions_policy.rb:38:in 'ActionDispatch::PermissionsPolicy::Middleware#call'
actionpack (8.0.1) lib/action_dispatch/http/content_security_policy.rb:38:in 'ActionDispatch::ContentSecurityPolicy::Middleware#call'
rack-session (2.1.0) lib/rack/session/abstract/id.rb:274:in 'Rack::Session::Abstract::Persisted#context'
rack-session (2.1.0) lib/rack/session/abstract/id.rb:268:in 'Rack::Session::Abstract::Persisted#call'
actionpack (8.0.1) lib/action_dispatch/middleware/cookies.rb:706:in 'ActionDispatch::Cookies#call'
activerecord (8.0.1) lib/active_record/migration.rb:671:in 'ActiveRecord::Migration::CheckPending#call'
actionpack (8.0.1) lib/action_dispatch/middleware/callbacks.rb:31:in 'block in ActionDispatch::Callbacks#call'
activesupport (8.0.1) lib/active_support/callbacks.rb:100:in 'ActiveSupport::Callbacks#run_callbacks'
actionpack (8.0.1) lib/action_dispatch/middleware/callbacks.rb:30:in 'ActionDispatch::Callbacks#call'
actionpack (8.0.1) lib/action_dispatch/middleware/executor.rb:16:in 'ActionDispatch::Executor#call'
actionpack (8.0.1) lib/action_dispatch/middleware/actionable_exceptions.rb:18:in 'ActionDispatch::ActionableExceptions#call'
actionpack (8.0.1) lib/action_dispatch/middleware/debug_exceptions.rb:31:in 'ActionDispatch::DebugExceptions#call'
web-console (4.2.1) lib/web_console/middleware.rb:132:in 'WebConsole::Middleware#call_app'
web-console (4.2.1) lib/web_console/middleware.rb:28:in 'block in WebConsole::Middleware#call'
web-console (4.2.1) lib/web_console/middleware.rb:17:in 'Kernel#catch'
web-console (4.2.1) lib/web_console/middleware.rb:17:in 'WebConsole::Middleware#call'
actionpack (8.0.1) lib/action_dispatch/middleware/show_exceptions.rb:32:in 'ActionDispatch::ShowExceptions#call'
railties (8.0.1) lib/rails/rack/logger.rb:41:in 'Rails::Rack::Logger#call_app'
railties (8.0.1) lib/rails/rack/logger.rb:29:in 'Rails::Rack::Logger#call'
actionpack (8.0.1) lib/action_dispatch/middleware/remote_ip.rb:96:in 'ActionDispatch::RemoteIp#call'
actionpack (8.0.1) lib/action_dispatch/middleware/request_id.rb:34:in 'ActionDispatch::RequestId#call'
rack (3.1.11) lib/rack/method_override.rb:28:in 'Rack::MethodOverride#call'
rack (3.1.11) lib/rack/runtime.rb:24:in 'Rack::Runtime#call'
actionpack (8.0.1) lib/action_dispatch/middleware/server_timing.rb:61:in 'block in ActionDispatch::ServerTiming#call'
actionpack (8.0.1) lib/action_dispatch/middleware/server_timing.rb:26:in 'ActionDispatch::ServerTiming::Subscriber#collect_events'
actionpack (8.0.1) lib/action_dispatch/middleware/server_timing.rb:60:in 'ActionDispatch::ServerTiming#call'
actionpack (8.0.1) lib/action_dispatch/middleware/executor.rb:16:in 'ActionDispatch::Executor#call'
actionpack (8.0.1) lib/action_dispatch/middleware/static.rb:27:in 'ActionDispatch::Static#call'
rack (3.1.11) lib/rack/sendfile.rb:114:in 'Rack::Sendfile#call'
actionpack (8.0.1) lib/action_dispatch/middleware/host_authorization.rb:143:in 'ActionDispatch::HostAuthorization#call'
railties (8.0.1) lib/rails/engine.rb:535:in 'Rails::Engine#call'
puma (6.6.0) lib/puma/configuration.rb:279:in 'Puma::Configuration::ConfigMiddleware#call'
puma (6.6.0) lib/puma/request.rb:99:in 'block in Puma::Request#handle_request'
puma (6.6.0) lib/puma/thread_pool.rb:390:in 'Puma::ThreadPool#with_force_shutdown'
puma (6.6.0) lib/puma/request.rb:98:in 'Puma::Request#handle_request'
puma (6.6.0) lib/puma/server.rb:472:in 'Puma::Server#process_client'
puma (6.6.0) lib/puma/server.rb:254:in 'block in Puma::Server#run'
puma (6.6.0) lib/puma/thread_pool.rb:167:in 'block in Puma::ThreadPool#spawn_thread'
Started GET "/favicon.ico" for ::1 at 2025-03-17 13:45:00 -0400
  
ActionController::RoutingError (No route matches [GET] "/favicon.ico"):
  
Started GET "/signup" for ::1 at 2025-03-17 13:48:38 -0400
  [1m[36mActiveRecord::SchemaMigration Load (0.3ms)[0m  [1m[34mSELECT "schema_migrations"."version" FROM "schema_migrations" ORDER BY "schema_migrations"."version" ASC /*application='SmartEnroll'*/[0m
Processing by UsersController#new as HTML
  Rendering layout layouts/application.html.erb
  Rendering users/new.html.erb within layouts/application
  Rendered users/new.html.erb within layouts/application (Duration: 3.0ms | GC: 0.0ms)
  Rendered layout layouts/application.html.erb (Duration: 9.7ms | GC: 0.0ms)
Completed 200 OK in 50ms (Views: 12.2ms | ActiveRecord: 0.0ms (0 queries, 0 cached) | GC: 0.0ms)


Started GET "/assets/application-8b441ae0.css" for ::1 at 2025-03-17 13:48:39 -0400
Started GET "/assets/application-bfcdf840.js" for ::1 at 2025-03-17 13:48:39 -0400
Started GET "/assets/turbo.min-1262d735.js" for ::1 at 2025-03-17 13:48:39 -0400
Started GET "/assets/controllers/hello_controller-708796bd.js" for ::1 at 2025-03-17 13:48:39 -0400
Started GET "/assets/controllers/index-ee64e1f1.js" for ::1 at 2025-03-17 13:48:39 -0400
Started GET "/assets/stimulus-loading-1fc53fe7.js" for ::1 at 2025-03-17 13:48:39 -0400
Started GET "/assets/stimulus.min-4b1e420e.js" for ::1 at 2025-03-17 13:48:39 -0400
Started GET "/assets/controllers/application-3affb389.js" for ::1 at 2025-03-17 13:48:39 -0400
Started GET "/signup" for ::1 at 2025-03-17 14:06:25 -0400
  [1m[36mActiveRecord::SchemaMigration Load (0.3ms)[0m  [1m[34mSELECT "schema_migrations"."version" FROM "schema_migrations" ORDER BY "schema_migrations"."version" ASC /*application='SmartEnroll'*/[0m
Processing by UsersController#new as HTML
  Rendering layout layouts/application.html.erb
  Rendering users/new.html.erb within layouts/application
  Rendered users/new.html.erb within layouts/application (Duration: 7.2ms | GC: 0.0ms)
  Rendered layout layouts/application.html.erb (Duration: 15.1ms | GC: 0.0ms)
Completed 200 OK in 56ms (Views: 17.9ms | ActiveRecord: 0.0ms (0 queries, 0 cached) | GC: 0.0ms)


Started GET "/assets/signup-6df9b328.css" for ::1 at 2025-03-17 14:06:25 -0400
Started GET "/signup" for ::1 at 2025-03-17 14:11:19 -0400
Processing by UsersController#new as HTML
  Rendering layout layouts/application.html.erb
  Rendering users/new.html.erb within layouts/application
  Rendered users/new.html.erb within layouts/application (Duration: 3.5ms | GC: 0.0ms)
  Rendered layout layouts/application.html.erb (Duration: 3.7ms | GC: 0.0ms)
Completed 500 Internal Server Error in 23ms (ActiveRecord: 0.0ms (0 queries, 0 cached) | GC: 0.0ms)


  
ActionView::Template::Error (undefined local variable or method 'login_path' for an instance of #<Class:0x0000000123375338>)
Caused by: NameError (undefined local variable or method 'login_path' for an instance of #<Class:0x0000000123375338>)

Information for: ActionView::Template::Error (undefined local variable or method 'login_path' for an instance of #<Class:0x0000000123375338>):
    15:     <button type="submit">Sign Up</button>
    16:   <% end %>
    17:   
    18:   <p>Already have an account? <a href="<%= login_path %>">Log in</a></p>
    19: </div>
  
app/views/users/new.html.erb:18

Information for cause: NameError (undefined local variable or method 'login_path' for an instance of #<Class:0x0000000123375338>):
  
app/views/users/new.html.erb:18
Started GET "/signup" for ::1 at 2025-03-17 14:12:23 -0400
Processing by UsersController#new as HTML
  Rendering layout layouts/application.html.erb
  Rendering users/new.html.erb within layouts/application
  Rendered users/new.html.erb within layouts/application (Duration: 2.1ms | GC: 0.0ms)
  Rendered layout layouts/application.html.erb (Duration: 6.0ms | GC: 0.0ms)
Completed 200 OK in 28ms (Views: 8.3ms | ActiveRecord: 0.0ms (0 queries, 0 cached) | GC: 0.0ms)


Started GET "/signup" for ::1 at 2025-03-17 14:12:55 -0400
Processing by UsersController#new as HTML
  Rendering layout layouts/application.html.erb
  Rendering users/new.html.erb within layouts/application
  Rendered users/new.html.erb within layouts/application (Duration: 4.1ms | GC: 0.0ms)
  Rendered layout layouts/application.html.erb (Duration: 5.2ms | GC: 0.0ms)
Completed 200 OK in 41ms (Views: 5.8ms | ActiveRecord: 0.0ms (0 queries, 0 cached) | GC: 0.0ms)


Started GET "/assets/signup-f08d67d3.css" for ::1 at 2025-03-17 14:12:55 -0400
Started GET "/signup" for ::1 at 2025-03-17 14:27:13 -0400
Processing by UsersController#new as HTML
  Rendering layout layouts/application.html.erb
  Rendering users/new.html.erb within layouts/application
  Rendered users/new.html.erb within layouts/application (Duration: 3.3ms | GC: 0.5ms)
  Rendered layout layouts/application.html.erb (Duration: 6.4ms | GC: 0.5ms)
Completed 200 OK in 28ms (Views: 7.6ms | ActiveRecord: 0.0ms (0 queries, 0 cached) | GC: 1.6ms)


Started GET "/assets/usf_logo-da31faaf.png" for ::1 at 2025-03-17 14:27:13 -0400
Started GET "/signup" for ::1 at 2025-03-17 14:27:43 -0400
Processing by UsersController#new as HTML
  Rendering layout layouts/application.html.erb
  Rendering users/new.html.erb within layouts/application
  Rendered users/new.html.erb within layouts/application (Duration: 1.7ms | GC: 0.2ms)
  Rendered layout layouts/application.html.erb (Duration: 3.2ms | GC: 0.2ms)
Completed 200 OK in 37ms (Views: 3.7ms | ActiveRecord: 0.0ms (0 queries, 0 cached) | GC: 0.8ms)


Started GET "/assets/signup-caf1ade7.css" for ::1 at 2025-03-17 14:27:43 -0400
Started GET "/signup" for ::1 at 2025-03-17 14:27:56 -0400
Processing by UsersController#new as HTML
  Rendering layout layouts/application.html.erb
  Rendering users/new.html.erb within layouts/application
  Rendered users/new.html.erb within layouts/application (Duration: 2.0ms | GC: 0.0ms)
  Rendered layout layouts/application.html.erb (Duration: 2.4ms | GC: 0.0ms)
Completed 200 OK in 38ms (Views: 2.6ms | ActiveRecord: 0.0ms (0 queries, 0 cached) | GC: 0.5ms)


Started GET "/assets/signup-2977ac28.css" for ::1 at 2025-03-17 14:27:56 -0400
Started GET "/signup" for ::1 at 2025-03-17 14:28:18 -0400
Processing by UsersController#new as HTML
  Rendering layout layouts/application.html.erb
  Rendering users/new.html.erb within layouts/application
  Rendered users/new.html.erb within layouts/application (Duration: 1.4ms | GC: 0.0ms)
  Rendered layout layouts/application.html.erb (Duration: 2.5ms | GC: 0.0ms)
Completed 200 OK in 36ms (Views: 2.9ms | ActiveRecord: 0.0ms (0 queries, 0 cached) | GC: 0.0ms)


Started GET "/assets/signup-ce7bf7d0.css" for ::1 at 2025-03-17 14:28:18 -0400
Started GET "/signup" for ::1 at 2025-03-17 14:28:30 -0400
Processing by UsersController#new as HTML
  Rendering layout layouts/application.html.erb
  Rendering users/new.html.erb within layouts/application
  Rendered users/new.html.erb within layouts/application (Duration: 0.9ms | GC: 0.0ms)
  Rendered layout layouts/application.html.erb (Duration: 2.4ms | GC: 0.0ms)
Completed 200 OK in 31ms (Views: 2.8ms | ActiveRecord: 0.0ms (0 queries, 0 cached) | GC: 0.0ms)


Started GET "/assets/signup-2eaa562e.css" for ::1 at 2025-03-17 14:28:30 -0400
Started GET "/signup" for ::1 at 2025-03-17 14:32:27 -0400
Processing by UsersController#new as HTML
  Rendering layout layouts/application.html.erb
  Rendering users/new.html.erb within layouts/application
  Rendered users/new.html.erb within layouts/application (Duration: 1.9ms | GC: 0.2ms)
  Rendered layout layouts/application.html.erb (Duration: 2.0ms | GC: 0.2ms)
Completed 500 Internal Server Error in 25ms (ActiveRecord: 0.0ms (0 queries, 0 cached) | GC: 0.7ms)


  
ActionView::Template::Error (The asset 'your-image.png' was not found in the load path.)
Caused by: Propshaft::MissingAssetError (The asset 'your-image.png' was not found in the load path.)

Information for: ActionView::Template::Error (The asset 'your-image.png' was not found in the load path.):
    1: <%= stylesheet_link_tag "signup", media: "all" %>
    2: <div class="header">
    3:   <%= image_tag "your-image.png", alt: "Smart Enroll Logo", class: "logo" %>
    4:   <span class="brand-name">Smart Enroll</span>
    5: </div>
    6: 
  
app/views/users/new.html.erb:3

Information for cause: Propshaft::MissingAssetError (The asset 'your-image.png' was not found in the load path.):
  
app/views/users/new.html.erb:3
Started GET "/signup" for ::1 at 2025-03-17 14:34:13 -0400
Processing by UsersController#new as HTML
  Rendering layout layouts/application.html.erb
  Rendering users/new.html.erb within layouts/application
  Rendered users/new.html.erb within layouts/application (Duration: 5.3ms | GC: 0.0ms)
  Rendered layout layouts/application.html.erb (Duration: 9.9ms | GC: 1.5ms)
Completed 200 OK in 33ms (Views: 11.0ms | ActiveRecord: 0.0ms (0 queries, 0 cached) | GC: 1.5ms)


Started GET "/assets/signup-17ac1459.css" for ::1 at 2025-03-17 14:34:13 -0400
Started GET "/signup" for ::1 at 2025-03-17 14:34:47 -0400
Processing by UsersController#new as HTML
  Rendering layout layouts/application.html.erb
  Rendering users/new.html.erb within layouts/application
  Rendered users/new.html.erb within layouts/application (Duration: 4.1ms | GC: 0.0ms)
  Rendered layout layouts/application.html.erb (Duration: 4.9ms | GC: 0.0ms)
Completed 200 OK in 38ms (Views: 8.0ms | ActiveRecord: 0.0ms (0 queries, 0 cached) | GC: 1.2ms)


Started GET "/assets/signup-e5ddcc11.css" for ::1 at 2025-03-17 14:34:47 -0400
Started GET "/signup" for ::1 at 2025-03-17 14:35:16 -0400
Processing by UsersController#new as HTML
  Rendering layout layouts/application.html.erb
  Rendering users/new.html.erb within layouts/application
  Rendered users/new.html.erb within layouts/application (Duration: 0.7ms | GC: 0.0ms)
  Rendered layout layouts/application.html.erb (Duration: 4.3ms | GC: 0.0ms)
Completed 200 OK in 37ms (Views: 4.4ms | ActiveRecord: 0.0ms (0 queries, 0 cached) | GC: 1.3ms)


Started GET "/assets/signup-04c421ef.css" for ::1 at 2025-03-17 14:35:16 -0400
Started GET "/signup" for ::1 at 2025-03-17 14:36:50 -0400
Processing by UsersController#new as HTML
  Rendering layout layouts/application.html.erb
  Rendering users/new.html.erb within layouts/application
  Rendered users/new.html.erb within layouts/application (Duration: 1.6ms | GC: 0.8ms)
  Rendered layout layouts/application.html.erb (Duration: 2.4ms | GC: 0.8ms)
Completed 200 OK in 34ms (Views: 2.7ms | ActiveRecord: 0.0ms (0 queries, 0 cached) | GC: 1.5ms)


Started GET "/assets/signup-35677ab4.css" for ::1 at 2025-03-17 14:36:50 -0400
Started GET "/signup" for ::1 at 2025-03-17 14:38:01 -0400
Processing by UsersController#new as HTML
  Rendering layout layouts/application.html.erb
  Rendering users/new.html.erb within layouts/application
  Rendered users/new.html.erb within layouts/application (Duration: 2.9ms | GC: 0.0ms)
  Rendered layout layouts/application.html.erb (Duration: 8.2ms | GC: 0.0ms)
Completed 200 OK in 30ms (Views: 10.2ms | ActiveRecord: 0.0ms (0 queries, 0 cached) | GC: 0.0ms)


Started GET "/signup" for ::1 at 2025-03-17 14:39:33 -0400
Processing by UsersController#new as HTML
  Rendering layout layouts/application.html.erb
  Rendering users/new.html.erb within layouts/application
  Rendered users/new.html.erb within layouts/application (Duration: 3.2ms | GC: 0.0ms)
  Rendered layout layouts/application.html.erb (Duration: 5.0ms | GC: 0.0ms)
Completed 200 OK in 40ms (Views: 6.3ms | ActiveRecord: 0.0ms (0 queries, 0 cached) | GC: 0.0ms)


Started GET "/assets/signup-82d4ddef.css" for ::1 at 2025-03-17 14:39:33 -0400
Started GET "/signup" for ::1 at 2025-03-17 14:39:44 -0400
Processing by UsersController#new as HTML
  Rendering layout layouts/application.html.erb
  Rendering users/new.html.erb within layouts/application
  Rendered users/new.html.erb within layouts/application (Duration: 8.4ms | GC: 1.4ms)
  Rendered layout layouts/application.html.erb (Duration: 9.8ms | GC: 1.4ms)
Completed 200 OK in 34ms (Views: 9.9ms | ActiveRecord: 0.0ms (0 queries, 0 cached) | GC: 1.4ms)


Started GET "/signup" for ::1 at 2025-03-17 15:56:38 -0400
Processing by UsersController#new as HTML
  Rendering layout layouts/application.html.erb
  Rendering users/new.html.erb within layouts/application
  Rendered users/new.html.erb within layouts/application (Duration: 8.1ms | GC: 0.0ms)
  Rendered layout layouts/application.html.erb (Duration: 8.8ms | GC: 0.0ms)
Completed 200 OK in 29ms (Views: 9.3ms | ActiveRecord: 0.0ms (0 queries, 0 cached) | GC: 0.0ms)


Started GET "/signup" for ::1 at 2025-03-17 15:59:35 -0400
Processing by UsersController#new as HTML
  Rendering layout layouts/application.html.erb
  Rendering users/new.html.erb within layouts/application
  Rendered users/new.html.erb within layouts/application (Duration: 2.4ms | GC: 0.0ms)
  Rendered layout layouts/application.html.erb (Duration: 7.2ms | GC: 0.2ms)
Completed 200 OK in 29ms (Views: 8.2ms | ActiveRecord: 0.0ms (0 queries, 0 cached) | GC: 0.5ms)


Started GET "/assets/signup-073cec35.css" for ::1 at 2025-03-17 15:59:35 -0400
Started GET "/signup" for ::1 at 2025-03-17 16:01:03 -0400
Processing by UsersController#new as HTML
  Rendering layout layouts/application.html.erb
  Rendering users/new.html.erb within layouts/application
  Rendered users/new.html.erb within layouts/application (Duration: 1.6ms | GC: 0.0ms)
  Rendered layout layouts/application.html.erb (Duration: 2.4ms | GC: 0.0ms)
Completed 200 OK in 39ms (Views: 2.7ms | ActiveRecord: 0.0ms (0 queries, 0 cached) | GC: 0.2ms)


Started GET "/assets/signup-28439c0c.css" for ::1 at 2025-03-17 16:01:03 -0400
Started GET "/signup" for ::1 at 2025-03-17 16:01:18 -0400
Processing by UsersController#new as HTML
  Rendering layout layouts/application.html.erb
  Rendering users/new.html.erb within layouts/application
  Rendered users/new.html.erb within layouts/application (Duration: 1.0ms | GC: 0.0ms)
  Rendered layout layouts/application.html.erb (Duration: 1.5ms | GC: 0.0ms)
Completed 200 OK in 34ms (Views: 1.6ms | ActiveRecord: 0.0ms (0 queries, 0 cached) | GC: 0.0ms)


Started GET "/assets/signup-3a193f04.css" for ::1 at 2025-03-17 16:01:18 -0400
Started GET "/signup" for ::1 at 2025-03-17 16:02:11 -0400
Processing by UsersController#new as HTML
  Rendering layout layouts/application.html.erb
  Rendering users/new.html.erb within layouts/application
  Rendered users/new.html.erb within layouts/application (Duration: 1.5ms | GC: 0.0ms)
  Rendered layout layouts/application.html.erb (Duration: 2.2ms | GC: 0.0ms)
Completed 200 OK in 38ms (Views: 3.1ms | ActiveRecord: 0.0ms (0 queries, 0 cached) | GC: 0.0ms)


Started GET "/assets/signup-a242395e.css" for ::1 at 2025-03-17 16:02:11 -0400
Started GET "/signup" for ::1 at 2025-03-17 16:02:21 -0400
Processing by UsersController#new as HTML
  Rendering layout layouts/application.html.erb
  Rendering users/new.html.erb within layouts/application
  Rendered users/new.html.erb within layouts/application (Duration: 1.3ms | GC: 0.0ms)
  Rendered layout layouts/application.html.erb (Duration: 1.7ms | GC: 0.0ms)
Completed 200 OK in 36ms (Views: 1.9ms | ActiveRecord: 0.0ms (0 queries, 0 cached) | GC: 1.0ms)


Started GET "/assets/signup-5adb067f.css" for ::1 at 2025-03-17 16:02:21 -0400
Started GET "/signup" for ::1 at 2025-03-17 16:02:26 -0400
Processing by UsersController#new as HTML
  Rendering layout layouts/application.html.erb
  Rendering users/new.html.erb within layouts/application
  Rendered users/new.html.erb within layouts/application (Duration: 0.8ms | GC: 0.0ms)
  Rendered layout layouts/application.html.erb (Duration: 1.5ms | GC: 0.3ms)
Completed 200 OK in 34ms (Views: 1.6ms | ActiveRecord: 0.0ms (0 queries, 0 cached) | GC: 0.6ms)


Started GET "/assets/signup-7d1250df.css" for ::1 at 2025-03-17 16:02:27 -0400
Started GET "/signup" for ::1 at 2025-03-17 16:02:32 -0400
Processing by UsersController#new as HTML
  Rendering layout layouts/application.html.erb
  Rendering users/new.html.erb within layouts/application
  Rendered users/new.html.erb within layouts/application (Duration: 0.8ms | GC: 0.0ms)
  Rendered layout layouts/application.html.erb (Duration: 1.2ms | GC: 0.0ms)
Completed 200 OK in 34ms (Views: 1.5ms | ActiveRecord: 0.0ms (0 queries, 0 cached) | GC: 0.4ms)


Started GET "/assets/signup-0db9df3a.css" for ::1 at 2025-03-17 16:02:32 -0400
Started GET "/signup" for ::1 at 2025-03-17 16:02:59 -0400
Processing by UsersController#new as HTML
  Rendering layout layouts/application.html.erb
  Rendering users/new.html.erb within layouts/application
  Rendered users/new.html.erb within layouts/application (Duration: 2.2ms | GC: 0.3ms)
  Rendered layout layouts/application.html.erb (Duration: 2.9ms | GC: 0.3ms)
Completed 200 OK in 39ms (Views: 4.6ms | ActiveRecord: 0.0ms (0 queries, 0 cached) | GC: 0.7ms)


Started GET "/signup" for ::1 at 2025-03-17 16:06:08 -0400
Processing by UsersController#new as HTML
  Rendering layout layouts/application.html.erb
  Rendering users/new.html.erb within layouts/application
  Rendered users/new.html.erb within layouts/application (Duration: 1.3ms | GC: 0.0ms)
  Rendered layout layouts/application.html.erb (Duration: 1.8ms | GC: 0.0ms)
Completed 200 OK in 34ms (Views: 1.9ms | ActiveRecord: 0.0ms (0 queries, 0 cached) | GC: 0.0ms)


Started GET "/assets/signup-9bc50c28.css" for ::1 at 2025-03-17 16:06:08 -0400
Started GET "/signup" for ::1 at 2025-03-17 16:06:40 -0400
Processing by UsersController#new as HTML
  Rendering layout layouts/application.html.erb
  Rendering users/new.html.erb within layouts/application
  Rendered users/new.html.erb within layouts/application (Duration: 2.6ms | GC: 0.0ms)
  Rendered layout layouts/application.html.erb (Duration: 3.1ms | GC: 0.0ms)
Completed 200 OK in 31ms (Views: 3.3ms | ActiveRecord: 0.0ms (0 queries, 0 cached) | GC: 0.0ms)


Started GET "/assets/signup-931b5043.css" for ::1 at 2025-03-17 16:06:40 -0400
Started GET "/signup" for ::1 at 2025-03-17 16:07:19 -0400
Processing by UsersController#new as HTML
  Rendering layout layouts/application.html.erb
  Rendering users/new.html.erb within layouts/application
  Rendered users/new.html.erb within layouts/application (Duration: 6.1ms | GC: 4.2ms)
  Rendered layout layouts/application.html.erb (Duration: 6.7ms | GC: 4.2ms)
Completed 200 OK in 40ms (Views: 6.9ms | ActiveRecord: 0.0ms (0 queries, 0 cached) | GC: 4.2ms)


Started GET "/assets/signup-08adf3cf.css" for ::1 at 2025-03-17 16:07:19 -0400
Started GET "/signup" for ::1 at 2025-03-17 16:07:45 -0400
Processing by UsersController#new as HTML
  Rendering layout layouts/application.html.erb
  Rendering users/new.html.erb within layouts/application
  Rendered users/new.html.erb within layouts/application (Duration: 10.5ms | GC: 0.4ms)
  Rendered layout layouts/application.html.erb (Duration: 10.8ms | GC: 0.4ms)
Completed 200 OK in 43ms (Views: 17.1ms | ActiveRecord: 0.0ms (0 queries, 0 cached) | GC: 0.4ms)


Started GET "/signup" for ::1 at 2025-03-17 16:09:47 -0400
Processing by UsersController#new as HTML
  Rendering layout layouts/application.html.erb
  Rendering users/new.html.erb within layouts/application
  Rendered users/new.html.erb within layouts/application (Duration: 14.0ms | GC: 0.7ms)
  Rendered layout layouts/application.html.erb (Duration: 14.4ms | GC: 0.7ms)
Completed 200 OK in 40ms (Views: 14.6ms | ActiveRecord: 0.0ms (0 queries, 0 cached) | GC: 0.7ms)


Started GET "/" for ::1 at 2025-03-29 14:57:28 -0400
  [1m[36mActiveRecord::SchemaMigration Load (0.2ms)[0m  [1m[34mSELECT "schema_migrations"."version" FROM "schema_migrations" ORDER BY "schema_migrations"."version" ASC /*application='SmartEnroll'*/[0m
Processing by HomeController#index as HTML
  Rendering layout layouts/application.html.erb
  Rendering home/index.html.erb within layouts/application
  Rendered home/index.html.erb within layouts/application (Duration: 1.2ms | GC: 0.0ms)
  Rendered layout layouts/application.html.erb (Duration: 320.1ms | GC: 0.0ms)
Completed 200 OK in 3036ms (Views: 496.3ms | ActiveRecord: 0.0ms (0 queries, 0 cached) | GC: 0.0ms)


Started GET "/assets/signup-08adf3cf.css" for ::1 at 2025-03-29 14:57:33 -0400
Started GET "/" for ::1 at 2025-03-29 15:01:26 -0400
Processing by HomeController#index as HTML
  Rendering layout layouts/application.html.erb
  Rendering home/index.html.erb within layouts/application
  Rendered home/index.html.erb within layouts/application (Duration: 1.0ms | GC: 0.0ms)
  Rendered layout layouts/application.html.erb (Duration: 252.8ms | GC: 0.0ms)
Completed 200 OK in 1171ms (Views: 264.3ms | ActiveRecord: 0.0ms (0 queries, 0 cached) | GC: 0.0ms)


Started GET "/signup.php" for ::1 at 2025-03-29 15:01:29 -0400
  
ActionController::RoutingError (No route matches [GET] "/signup.php"):
  
Started GET "/favicon.ico" for ::1 at 2025-03-29 15:01:30 -0400
  
ActionController::RoutingError (No route matches [GET] "/favicon.ico"):
  
Started GET "/" for ::1 at 2025-03-29 15:09:23 -0400
Processing by HomeController#index as HTML
  Rendering layout layouts/application.html.erb
  Rendering home/index.html.erb within layouts/application
  Rendered home/index.html.erb within layouts/application (Duration: 4.4ms | GC: 0.0ms)
  Rendered layout layouts/application.html.erb (Duration: 19.2ms | GC: 0.0ms)
Completed 200 OK in 675ms (Views: 27.2ms | ActiveRecord: 0.0ms (0 queries, 0 cached) | GC: 0.0ms)


Started GET "/students/new" for ::1 at 2025-03-29 15:09:25 -0400
Processing by StudentsController#new as HTML
  Rendering layout layouts/application.html.erb
  Rendering students/new.html.erb within layouts/application
  Rendered students/new.html.erb within layouts/application (Duration: 99.3ms | GC: 0.0ms)
  Rendered layout layouts/application.html.erb (Duration: 100.7ms | GC: 0.0ms)
Completed 200 OK in 809ms (Views: 105.2ms | ActiveRecord: 4.6ms (0 queries, 0 cached) | GC: 0.0ms)


Started GET "/" for ::1 at 2025-03-29 15:10:47 -0400
Processing by HomeController#index as HTML
  Rendering layout layouts/application.html.erb
  Rendering home/index.html.erb within layouts/application
  Rendered home/index.html.erb within layouts/application (Duration: 1.2ms | GC: 0.0ms)
  Rendered layout layouts/application.html.erb (Duration: 18.5ms | GC: 0.0ms)
Completed 200 OK in 1417ms (Views: 26.4ms | ActiveRecord: 0.0ms (0 queries, 0 cached) | GC: 0.0ms)


Started GET "/students/new" for ::1 at 2025-03-29 15:10:52 -0400
Processing by StudentsController#new as HTML
  Rendering layout layouts/application.html.erb
  Rendering students/new.html.erb within layouts/application
  Rendered students/new.html.erb within layouts/application (Duration: 7.7ms | GC: 0.0ms)
  Rendered layout layouts/application.html.erb (Duration: 9.2ms | GC: 0.0ms)
Completed 200 OK in 557ms (Views: 13.0ms | ActiveRecord: 3.8ms (0 queries, 0 cached) | GC: 0.0ms)


Started GET "/students/new" for ::1 at 2025-03-29 15:11:01 -0400
Processing by StudentsController#new as HTML
  Rendering layout layouts/application.html.erb
  Rendering students/new.html.erb within layouts/application
  Rendered students/new.html.erb within layouts/application (Duration: 4.8ms | GC: 0.0ms)
  Rendered layout layouts/application.html.erb (Duration: 9.0ms | GC: 0.0ms)
Completed 200 OK in 589ms (Views: 10.7ms | ActiveRecord: 0.0ms (0 queries, 0 cached) | GC: 0.0ms)


Started GET "/students/new" for ::1 at 2025-03-29 15:11:04 -0400
Processing by StudentsController#new as HTML
  Rendering layout layouts/application.html.erb
  Rendering students/new.html.erb within layouts/application
  Rendered students/new.html.erb within layouts/application (Duration: 6.6ms | GC: 0.0ms)
  Rendered layout layouts/application.html.erb (Duration: 10.8ms | GC: 0.0ms)
Completed 200 OK in 697ms (Views: 12.2ms | ActiveRecord: 0.0ms (0 queries, 0 cached) | GC: 0.0ms)


Started POST "/students" for ::1 at 2025-03-29 15:11:09 -0400
Processing by StudentsController#create as TURBO_STREAM
  Parameters: {"authenticity_token" => "[FILTERED]", "student" => {"name" => "", "email" => "[FILTERED]", "password" => "[FILTERED]", "password_confirmation" => "[FILTERED]"}, "commit" => "Sign Up"}
  [1m[36mTRANSACTION (0.6ms)[0m  [1m[35mBEGIN immediate TRANSACTION /*action='create',application='SmartEnroll',controller='students'*/[0m
  ↳ app/controllers/students_controller.rb:30:in 'StudentsController#create'
  [1m[36mStudent Exists? (12.7ms)[0m  [1m[34mSELECT 1 AS one FROM "students" WHERE "students"."email" = '' LIMIT 1 /*action='create',application='SmartEnroll',controller='students'*/[0m
  ↳ app/controllers/students_controller.rb:30:in 'StudentsController#create'
  [1m[36mTRANSACTION (0.2ms)[0m  [1m[31mROLLBACK TRANSACTION /*action='create',application='SmartEnroll',controller='students'*/[0m
  ↳ app/controllers/students_controller.rb:30:in 'StudentsController#create'
  Rendering layout layouts/application.html.erb
  Rendering students/new.html.erb within layouts/application
  Rendered students/new.html.erb within layouts/application (Duration: 27.4ms | GC: 0.0ms)
  Rendered layout layouts/application.html.erb (Duration: 33.4ms | GC: 0.0ms)
Completed 200 OK in 1185ms (Views: 36.5ms | ActiveRecord: 13.5ms (1 query, 0 cached) | GC: 0.2ms)


Started GET "/" for ::1 at 2025-03-29 15:14:42 -0400
Processing by HomeController#index as HTML
  Rendering layout layouts/application.html.erb
  Rendering home/index.html.erb within layouts/application
  Rendered home/index.html.erb within layouts/application (Duration: 1.7ms | GC: 0.0ms)
  Rendered layout layouts/application.html.erb (Duration: 10.6ms | GC: 0.0ms)
Completed 200 OK in 835ms (Views: 17.5ms | ActiveRecord: 0.0ms (0 queries, 0 cached) | GC: 0.0ms)


Started GET "/students/new" for ::1 at 2025-03-29 15:14:44 -0400
Processing by StudentsController#new as HTML
  Rendering layout layouts/application.html.erb
  Rendering students/new.html.erb within layouts/application
  Rendered students/new.html.erb within layouts/application (Duration: 6.5ms | GC: 0.0ms)
  Rendered layout layouts/application.html.erb (Duration: 8.3ms | GC: 0.0ms)
Completed 200 OK in 792ms (Views: 16.2ms | ActiveRecord: 4.2ms (0 queries, 0 cached) | GC: 0.0ms)


Started GET "/students/new" for ::1 at 2025-03-29 15:14:46 -0400
Processing by StudentsController#new as HTML
  Rendering layout layouts/application.html.erb
  Rendering students/new.html.erb within layouts/application
  Rendered students/new.html.erb within layouts/application (Duration: 5.9ms | GC: 0.0ms)
  Rendered layout layouts/application.html.erb (Duration: 11.7ms | GC: 0.0ms)
Completed 200 OK in 696ms (Views: 15.2ms | ActiveRecord: 0.0ms (0 queries, 0 cached) | GC: 0.0ms)


Started POST "/students" for ::1 at 2025-03-29 15:15:32 -0400
Processing by StudentsController#create as TURBO_STREAM
  Parameters: {"authenticity_token" => "[FILTERED]", "student" => {"name" => "Carlos Caraballo", "email" => "[FILTERED]", "password" => "[FILTERED]", "password_confirmation" => "[FILTERED]"}, "commit" => "Sign Up"}
  [1m[36mTRANSACTION (0.1ms)[0m  [1m[35mBEGIN immediate TRANSACTION /*action='create',application='SmartEnroll',controller='students'*/[0m
  ↳ app/controllers/students_controller.rb:30:in 'StudentsController#create'
  [1m[36mStudent Exists? (7.3ms)[0m  [1m[34mSELECT 1 AS one FROM "students" WHERE "students"."email" = 'ca.caraballo@yahoo.com' LIMIT 1 /*action='create',application='SmartEnroll',controller='students'*/[0m
  ↳ app/controllers/students_controller.rb:30:in 'StudentsController#create'
  [1m[36mTRANSACTION (0.2ms)[0m  [1m[31mROLLBACK TRANSACTION /*action='create',application='SmartEnroll',controller='students'*/[0m
  ↳ app/controllers/students_controller.rb:30:in 'StudentsController#create'
  Rendering layout layouts/application.html.erb
  Rendering students/new.html.erb within layouts/application
  Rendered students/new.html.erb within layouts/application (Duration: 6.4ms | GC: 0.0ms)
  Rendered layout layouts/application.html.erb (Duration: 9.4ms | GC: 0.0ms)
Completed 200 OK in 1115ms (Views: 10.9ms | ActiveRecord: 7.5ms (1 query, 0 cached) | GC: 0.0ms)


Started POST "/students" for ::1 at 2025-03-29 15:15:44 -0400
Processing by StudentsController#create as TURBO_STREAM
  Parameters: {"authenticity_token" => "[FILTERED]", "student" => {"name" => "Carlos Caraballo", "email" => "[FILTERED]", "password" => "[FILTERED]", "password_confirmation" => "[FILTERED]"}, "commit" => "Sign Up"}
  [1m[36mTRANSACTION (0.1ms)[0m  [1m[35mBEGIN immediate TRANSACTION /*action='create',application='SmartEnroll',controller='students'*/[0m
  ↳ app/controllers/students_controller.rb:30:in 'StudentsController#create'
  [1m[36mStudent Exists? (5.1ms)[0m  [1m[34mSELECT 1 AS one FROM "students" WHERE "students"."email" = 'ca.caraballo@yahoo.com' LIMIT 1 /*action='create',application='SmartEnroll',controller='students'*/[0m
  ↳ app/controllers/students_controller.rb:30:in 'StudentsController#create'
  [1m[36mTRANSACTION (0.1ms)[0m  [1m[31mROLLBACK TRANSACTION /*action='create',application='SmartEnroll',controller='students'*/[0m
  ↳ app/controllers/students_controller.rb:30:in 'StudentsController#create'
  Rendering layout layouts/application.html.erb
  Rendering students/new.html.erb within layouts/application
  Rendered students/new.html.erb within layouts/application (Duration: 2.5ms | GC: 0.0ms)
  Rendered layout layouts/application.html.erb (Duration: 5.1ms | GC: 0.0ms)
Completed 200 OK in 889ms (Views: 6.3ms | ActiveRecord: 5.4ms (1 query, 0 cached) | GC: 0.0ms)


Started POST "/students" for ::1 at 2025-03-29 15:15:51 -0400
Processing by StudentsController#create as TURBO_STREAM
  Parameters: {"authenticity_token" => "[FILTERED]", "student" => {"name" => "Carlos Caraballo", "email" => "[FILTERED]", "password" => "[FILTERED]", "password_confirmation" => "[FILTERED]"}, "commit" => "Sign Up"}
  [1m[36mTRANSACTION (0.1ms)[0m  [1m[35mBEGIN immediate TRANSACTION /*action='create',application='SmartEnroll',controller='students'*/[0m
  ↳ app/controllers/students_controller.rb:30:in 'StudentsController#create'
  [1m[36mStudent Exists? (2.9ms)[0m  [1m[34mSELECT 1 AS one FROM "students" WHERE "students"."email" = 'ca.caraballo@yahoo.com' LIMIT 1 /*action='create',application='SmartEnroll',controller='students'*/[0m
  ↳ app/controllers/students_controller.rb:30:in 'StudentsController#create'
  [1m[36mTRANSACTION (0.1ms)[0m  [1m[31mROLLBACK TRANSACTION /*action='create',application='SmartEnroll',controller='students'*/[0m
  ↳ app/controllers/students_controller.rb:30:in 'StudentsController#create'
  Rendering layout layouts/application.html.erb
  Rendering students/new.html.erb within layouts/application
  Rendered students/new.html.erb within layouts/application (Duration: 1.8ms | GC: 0.0ms)
  Rendered layout layouts/application.html.erb (Duration: 3.0ms | GC: 0.0ms)
Completed 200 OK in 778ms (Views: 3.8ms | ActiveRecord: 3.0ms (1 query, 0 cached) | GC: 0.0ms)


Started POST "/students" for ::1 at 2025-03-29 15:15:54 -0400
Processing by StudentsController#create as TURBO_STREAM
  Parameters: {"authenticity_token" => "[FILTERED]", "student" => {"name" => "Carlos Caraballo", "email" => "[FILTERED]", "password" => "[FILTERED]", "password_confirmation" => "[FILTERED]"}, "commit" => "Sign Up"}
  [1m[36mTRANSACTION (0.1ms)[0m  [1m[35mBEGIN immediate TRANSACTION /*action='create',application='SmartEnroll',controller='students'*/[0m
  ↳ app/controllers/students_controller.rb:30:in 'StudentsController#create'
  [1m[36mStudent Exists? (6.0ms)[0m  [1m[34mSELECT 1 AS one FROM "students" WHERE "students"."email" = 'ca.caraballo@yahoo.com' LIMIT 1 /*action='create',application='SmartEnroll',controller='students'*/[0m
  ↳ app/controllers/students_controller.rb:30:in 'StudentsController#create'
  [1m[36mTRANSACTION (1.0ms)[0m  [1m[31mROLLBACK TRANSACTION /*action='create',application='SmartEnroll',controller='students'*/[0m
  ↳ app/controllers/students_controller.rb:30:in 'StudentsController#create'
  Rendering layout layouts/application.html.erb
  Rendering students/new.html.erb within layouts/application
  Rendered students/new.html.erb within layouts/application (Duration: 3.7ms | GC: 0.0ms)
  Rendered layout layouts/application.html.erb (Duration: 6.4ms | GC: 0.0ms)
Completed 200 OK in 902ms (Views: 7.9ms | ActiveRecord: 6.9ms (1 query, 0 cached) | GC: 0.0ms)


Started GET "/students/new" for ::1 at 2025-03-29 15:19:30 -0400
Processing by StudentsController#new as HTML
  Rendering layout layouts/application.html.erb
  Rendering students/new.html.erb within layouts/application
  Rendered students/new.html.erb within layouts/application (Duration: 2.7ms | GC: 0.0ms)
  Rendered layout layouts/application.html.erb (Duration: 8.0ms | GC: 0.0ms)
Completed 200 OK in 742ms (Views: 13.5ms | ActiveRecord: 1.8ms (0 queries, 0 cached) | GC: 0.0ms)


Started POST "/students" for ::1 at 2025-03-29 15:19:40 -0400
Processing by StudentsController#create as TURBO_STREAM
  Parameters: {"authenticity_token" => "[FILTERED]", "student" => {"name" => "Carlos Caraballo", "email" => "[FILTERED]", "password" => "[FILTERED]", "password_confirmation" => "[FILTERED]"}, "commit" => "Sign Up"}
  [1m[36mTRANSACTION (0.1ms)[0m  [1m[35mBEGIN immediate TRANSACTION /*action='create',application='SmartEnroll',controller='students'*/[0m
  ↳ app/controllers/students_controller.rb:31:in 'StudentsController#create'
  [1m[36mStudent Exists? (4.0ms)[0m  [1m[34mSELECT 1 AS one FROM "students" WHERE "students"."email" = 'ca.caraballo@yahoo.com' LIMIT 1 /*action='create',application='SmartEnroll',controller='students'*/[0m
  ↳ app/controllers/students_controller.rb:31:in 'StudentsController#create'
  [1m[36mTRANSACTION (0.1ms)[0m  [1m[31mROLLBACK TRANSACTION /*action='create',application='SmartEnroll',controller='students'*/[0m
  ↳ app/controllers/students_controller.rb:31:in 'StudentsController#create'
  Rendering layout layouts/application.html.erb
  Rendering students/new.html.erb within layouts/application
  Rendered students/new.html.erb within layouts/application (Duration: 4.5ms | GC: 0.0ms)
  Rendered layout layouts/application.html.erb (Duration: 5.9ms | GC: 0.0ms)
Completed 200 OK in 745ms (Views: 7.3ms | ActiveRecord: 4.3ms (1 query, 0 cached) | GC: 0.0ms)


Started POST "/students" for ::1 at 2025-03-29 15:19:42 -0400
Processing by StudentsController#create as TURBO_STREAM
  Parameters: {"authenticity_token" => "[FILTERED]", "student" => {"name" => "Carlos Caraballo", "email" => "[FILTERED]", "password" => "[FILTERED]", "password_confirmation" => "[FILTERED]"}, "commit" => "Sign Up"}
  [1m[36mTRANSACTION (0.2ms)[0m  [1m[35mBEGIN immediate TRANSACTION /*action='create',application='SmartEnroll',controller='students'*/[0m
  ↳ app/controllers/students_controller.rb:31:in 'StudentsController#create'
  [1m[36mStudent Exists? (5.7ms)[0m  [1m[34mSELECT 1 AS one FROM "students" WHERE "students"."email" = 'ca.caraballo@yahoo.com' LIMIT 1 /*action='create',application='SmartEnroll',controller='students'*/[0m
  ↳ app/controllers/students_controller.rb:31:in 'StudentsController#create'
  [1m[36mTRANSACTION (0.1ms)[0m  [1m[31mROLLBACK TRANSACTION /*action='create',application='SmartEnroll',controller='students'*/[0m
  ↳ app/controllers/students_controller.rb:31:in 'StudentsController#create'
  Rendering layout layouts/application.html.erb
  Rendering students/new.html.erb within layouts/application
  Rendered students/new.html.erb within layouts/application (Duration: 11.9ms | GC: 0.0ms)
  Rendered layout layouts/application.html.erb (Duration: 15.3ms | GC: 0.0ms)
Completed 200 OK in 826ms (Views: 21.9ms | ActiveRecord: 5.9ms (1 query, 0 cached) | GC: 0.0ms)


Started POST "/students" for ::1 at 2025-03-29 15:19:45 -0400
Processing by StudentsController#create as TURBO_STREAM
  Parameters: {"authenticity_token" => "[FILTERED]", "student" => {"name" => "Carlos Caraballo", "email" => "[FILTERED]", "password" => "[FILTERED]", "password_confirmation" => "[FILTERED]"}, "commit" => "Sign Up"}
  [1m[36mTRANSACTION (0.1ms)[0m  [1m[35mBEGIN immediate TRANSACTION /*action='create',application='SmartEnroll',controller='students'*/[0m
  ↳ app/controllers/students_controller.rb:31:in 'StudentsController#create'
  [1m[36mStudent Exists? (4.4ms)[0m  [1m[34mSELECT 1 AS one FROM "students" WHERE "students"."email" = 'ca.caraballo@yahoo.com' LIMIT 1 /*action='create',application='SmartEnroll',controller='students'*/[0m
  ↳ app/controllers/students_controller.rb:31:in 'StudentsController#create'
  [1m[36mTRANSACTION (0.3ms)[0m  [1m[31mROLLBACK TRANSACTION /*action='create',application='SmartEnroll',controller='students'*/[0m
  ↳ app/controllers/students_controller.rb:31:in 'StudentsController#create'
  Rendering layout layouts/application.html.erb
  Rendering students/new.html.erb within layouts/application
  Rendered students/new.html.erb within layouts/application (Duration: 3.3ms | GC: 0.0ms)
  Rendered layout layouts/application.html.erb (Duration: 5.9ms | GC: 0.0ms)
Completed 200 OK in 999ms (Views: 6.7ms | ActiveRecord: 4.8ms (1 query, 0 cached) | GC: 0.0ms)


Started GET "/students/new" for ::1 at 2025-03-29 15:20:50 -0400
Processing by StudentsController#new as HTML
  Rendering layout layouts/application.html.erb
  Rendering students/new.html.erb within layouts/application
  Rendered students/new.html.erb within layouts/application (Duration: 9.8ms | GC: 0.0ms)
  Rendered layout layouts/application.html.erb (Duration: 20.4ms | GC: 0.0ms)
Completed 200 OK in 1061ms (Views: 29.3ms | ActiveRecord: 2.5ms (0 queries, 0 cached) | GC: 0.0ms)


Started POST "/students" for ::1 at 2025-03-29 15:20:58 -0400
Processing by StudentsController#create as TURBO_STREAM
  Parameters: {"authenticity_token" => "[FILTERED]", "student" => {"name" => "Carlos Caraballo", "email" => "[FILTERED]", "password" => "[FILTERED]", "password_confirmation" => "[FILTERED]"}, "commit" => "Sign Up"}
  [1m[36mTRANSACTION (0.1ms)[0m  [1m[35mBEGIN immediate TRANSACTION /*action='create',application='SmartEnroll',controller='students'*/[0m
  ↳ app/controllers/students_controller.rb:31:in 'StudentsController#create'
  [1m[36mStudent Exists? (4.3ms)[0m  [1m[34mSELECT 1 AS one FROM "students" WHERE "students"."email" = 'ca.caraballo@yahoo.com' LIMIT 1 /*action='create',application='SmartEnroll',controller='students'*/[0m
  ↳ app/controllers/students_controller.rb:31:in 'StudentsController#create'
  [1m[36mTRANSACTION (0.7ms)[0m  [1m[31mROLLBACK TRANSACTION /*action='create',application='SmartEnroll',controller='students'*/[0m
  ↳ app/controllers/students_controller.rb:31:in 'StudentsController#create'
  Rendering layout layouts/application.html.erb
  Rendering students/new.html.erb within layouts/application
  Rendered students/new.html.erb within layouts/application (Duration: 4.3ms | GC: 0.0ms)
  Rendered layout layouts/application.html.erb (Duration: 5.9ms | GC: 0.0ms)
Completed 200 OK in 720ms (Views: 6.8ms | ActiveRecord: 4.8ms (1 query, 0 cached) | GC: 0.0ms)


Started POST "/students" for ::1 at 2025-03-29 15:20:59 -0400
Processing by StudentsController#create as TURBO_STREAM
  Parameters: {"authenticity_token" => "[FILTERED]", "student" => {"name" => "Carlos Caraballo", "email" => "[FILTERED]", "password" => "[FILTERED]", "password_confirmation" => "[FILTERED]"}, "commit" => "Sign Up"}
  [1m[36mTRANSACTION (0.1ms)[0m  [1m[35mBEGIN immediate TRANSACTION /*action='create',application='SmartEnroll',controller='students'*/[0m
  ↳ app/controllers/students_controller.rb:31:in 'StudentsController#create'
  [1m[36mStudent Exists? (3.9ms)[0m  [1m[34mSELECT 1 AS one FROM "students" WHERE "students"."email" = 'ca.caraballo@yahoo.com' LIMIT 1 /*action='create',application='SmartEnroll',controller='students'*/[0m
  ↳ app/controllers/students_controller.rb:31:in 'StudentsController#create'
  [1m[36mTRANSACTION (0.8ms)[0m  [1m[31mROLLBACK TRANSACTION /*action='create',application='SmartEnroll',controller='students'*/[0m
  ↳ app/controllers/students_controller.rb:31:in 'StudentsController#create'
  Rendering layout layouts/application.html.erb
  Rendering students/new.html.erb within layouts/application
  Rendered students/new.html.erb within layouts/application (Duration: 4.6ms | GC: 0.0ms)
  Rendered layout layouts/application.html.erb (Duration: 7.6ms | GC: 0.0ms)
Completed 200 OK in 929ms (Views: 8.7ms | ActiveRecord: 4.6ms (1 query, 0 cached) | GC: 0.0ms)


Started GET "/" for ::1 at 2025-03-29 15:22:56 -0400
Processing by HomeController#index as HTML
  Rendering layout layouts/application.html.erb
  Rendering home/index.html.erb within layouts/application
  Rendered home/index.html.erb within layouts/application (Duration: 1.9ms | GC: 0.0ms)
  Rendered layout layouts/application.html.erb (Duration: 4.1ms | GC: 0.0ms)
Completed 200 OK in 1191ms (Views: 12.1ms | ActiveRecord: 0.0ms (0 queries, 0 cached) | GC: 0.0ms)


Started GET "/index" for ::1 at 2025-03-29 15:23:04 -0400
  
ActionController::RoutingError (No route matches [GET] "/index"):
  
Started GET "/students/new" for ::1 at 2025-03-29 15:24:27 -0400
Processing by StudentsController#new as HTML
  Rendering layout layouts/application.html.erb
  Rendering students/new.html.erb within layouts/application
  Rendered students/new.html.erb within layouts/application (Duration: 1.7ms | GC: 0.0ms)
  Rendered layout layouts/application.html.erb (Duration: 2.8ms | GC: 0.0ms)
Completed 200 OK in 633ms (Views: 3.4ms | ActiveRecord: 0.0ms (0 queries, 0 cached) | GC: 0.0ms)


Started GET "/students/new" for ::1 at 2025-03-29 15:24:31 -0400
Processing by StudentsController#new as HTML
  Rendering layout layouts/application.html.erb
  Rendering students/new.html.erb within layouts/application
  Rendered students/new.html.erb within layouts/application (Duration: 1.6ms | GC: 0.0ms)
  Rendered layout layouts/application.html.erb (Duration: 2.7ms | GC: 0.0ms)
Completed 200 OK in 517ms (Views: 3.2ms | ActiveRecord: 0.0ms (0 queries, 0 cached) | GC: 0.0ms)


Started GET "/" for ::1 at 2025-03-29 15:29:02 -0400
Processing by HomeController#index as HTML
Started GET "/students/new" for ::1 at 2025-03-29 15:29:03 -0400
  Rendering layout layouts/application.html.erb
  Rendering home/index.html.erb within layouts/application
  Rendered home/index.html.erb within layouts/application (Duration: 1.1ms | GC: 0.0ms)
  Rendered layout layouts/application.html.erb (Duration: 13.2ms | GC: 0.0ms)
Completed 200 OK in 719ms (Views: 18.7ms | ActiveRecord: 0.0ms (0 queries, 0 cached) | GC: 0.0ms)


Started GET "/students/new" for ::1 at 2025-03-29 15:29:04 -0400
Processing by StudentsController#new as HTML
Processing by StudentsController#new as HTML
  Rendering layout layouts/application.html.erb
  Rendering students/new.html.erb within layouts/application
  Rendered students/new.html.erb within layouts/application (Duration: 8.9ms | GC: 0.0ms)
  Rendered layout layouts/application.html.erb (Duration: 32.9ms | GC: 0.0ms)
Completed 200 OK in 1103ms (Views: 51.3ms | ActiveRecord: 0.0ms (0 queries, 0 cached) | GC: 0.0ms)


  Rendering layout layouts/application.html.erb
  Rendering students/new.html.erb within layouts/application
  Rendered students/new.html.erb within layouts/application (Duration: 2.0ms | GC: 0.0ms)
  Rendered layout layouts/application.html.erb (Duration: 4.1ms | GC: 0.0ms)
Completed 200 OK in 1079ms (Views: 4.7ms | ActiveRecord: 0.0ms (0 queries, 0 cached) | GC: 0.0ms)


Started POST "/students" for ::1 at 2025-03-29 15:29:12 -0400
Processing by StudentsController#create as TURBO_STREAM
  Parameters: {"authenticity_token" => "[FILTERED]", "student" => {"name" => "Carlos Caraballo", "email" => "[FILTERED]", "password" => "[FILTERED]", "password_confirmation" => "[FILTERED]"}, "commit" => "Sign Up"}
  [1m[36mTRANSACTION (0.1ms)[0m  [1m[35mBEGIN immediate TRANSACTION /*action='create',application='SmartEnroll',controller='students'*/[0m
  ↳ app/controllers/students_controller.rb:31:in 'StudentsController#create'
  [1m[36mStudent Exists? (8.4ms)[0m  [1m[34mSELECT 1 AS one FROM "students" WHERE "students"."email" = 'ca.caraballo@yahoo.com' LIMIT 1 /*action='create',application='SmartEnroll',controller='students'*/[0m
  ↳ app/controllers/students_controller.rb:31:in 'StudentsController#create'
  [1m[36mTRANSACTION (0.1ms)[0m  [1m[31mROLLBACK TRANSACTION /*action='create',application='SmartEnroll',controller='students'*/[0m
  ↳ app/controllers/students_controller.rb:31:in 'StudentsController#create'
  Rendering layout layouts/application.html.erb
  Rendering students/new.html.erb within layouts/application
  Rendered students/new.html.erb within layouts/application (Duration: 9.2ms | GC: 0.0ms)
  Rendered layout layouts/application.html.erb (Duration: 14.1ms | GC: 0.0ms)
Completed 200 OK in 876ms (Views: 15.8ms | ActiveRecord: 8.6ms (1 query, 0 cached) | GC: 0.0ms)


Started GET "/students/new" for ::1 at 2025-03-29 15:31:53 -0400
Processing by StudentsController#new as HTML
  Rendering layout layouts/application.html.erb
  Rendering students/new.html.erb within layouts/application
  Rendered students/new.html.erb within layouts/application (Duration: 10.7ms | GC: 0.0ms)
  Rendered layout layouts/application.html.erb (Duration: 24.7ms | GC: 0.0ms)
Completed 200 OK in 882ms (Views: 37.4ms | ActiveRecord: 2.5ms (0 queries, 0 cached) | GC: 0.0ms)


Started POST "/students" for ::1 at 2025-03-29 15:32:02 -0400
Processing by StudentsController#create as TURBO_STREAM
  Parameters: {"authenticity_token" => "[FILTERED]", "student" => {"name" => "Carlos Caraballo", "email" => "[FILTERED]", "password" => "[FILTERED]", "password_confirmation" => "[FILTERED]"}, "commit" => "Sign Up"}
  [1m[36mTRANSACTION (0.1ms)[0m  [1m[35mBEGIN immediate TRANSACTION /*action='create',application='SmartEnroll',controller='students'*/[0m
  ↳ app/controllers/students_controller.rb:31:in 'StudentsController#create'
  [1m[36mStudent Exists? (2.9ms)[0m  [1m[34mSELECT 1 AS one FROM "students" WHERE "students"."email" = 'ca.caraballo@yahoo.com' LIMIT 1 /*action='create',application='SmartEnroll',controller='students'*/[0m
  ↳ app/controllers/students_controller.rb:31:in 'StudentsController#create'
  [1m[36mTRANSACTION (0.1ms)[0m  [1m[31mROLLBACK TRANSACTION /*action='create',application='SmartEnroll',controller='students'*/[0m
  ↳ app/controllers/students_controller.rb:31:in 'StudentsController#create'
  Rendering layout layouts/application.html.erb
  Rendering students/new.html.erb within layouts/application
  Rendered students/new.html.erb within layouts/application (Duration: 1.7ms | GC: 0.0ms)
  Rendered layout layouts/application.html.erb (Duration: 3.7ms | GC: 0.0ms)
Completed 200 OK in 760ms (Views: 4.9ms | ActiveRecord: 3.1ms (1 query, 0 cached) | GC: 0.0ms)


Started GET "/students/new" for ::1 at 2025-03-29 15:46:00 -0400
Processing by StudentsController#new as HTML
  Rendering layout layouts/application.html.erb
  Rendering students/new.html.erb within layouts/application
  Rendered students/new.html.erb within layouts/application (Duration: 2.7ms | GC: 0.0ms)
  Rendered layout layouts/application.html.erb (Duration: 8.2ms | GC: 0.0ms)
Completed 200 OK in 636ms (Views: 13.9ms | ActiveRecord: 0.0ms (0 queries, 0 cached) | GC: 0.0ms)


Started POST "/students" for ::1 at 2025-03-29 15:46:07 -0400
Processing by StudentsController#create as TURBO_STREAM
  Parameters: {"authenticity_token" => "[FILTERED]", "student" => {"name" => "Carlos Caraballo", "email" => "[FILTERED]", "password" => "[FILTERED]", "password_confirmation" => "[FILTERED]"}, "commit" => "Sign Up"}
  [1m[36mTRANSACTION (0.1ms)[0m  [1m[35mBEGIN immediate TRANSACTION /*action='create',application='SmartEnroll',controller='students'*/[0m
  ↳ app/controllers/students_controller.rb:31:in 'StudentsController#create'
  [1m[36mStudent Exists? (20.3ms)[0m  [1m[34mSELECT 1 AS one FROM "students" WHERE "students"."email" = 'ca.caraballo@yahoo.com' LIMIT 1 /*action='create',application='SmartEnroll',controller='students'*/[0m
  ↳ app/controllers/students_controller.rb:31:in 'StudentsController#create'
  [1m[36mTRANSACTION (0.1ms)[0m  [1m[31mROLLBACK TRANSACTION /*action='create',application='SmartEnroll',controller='students'*/[0m
  ↳ app/controllers/students_controller.rb:31:in 'StudentsController#create'
  Rendering layout layouts/application.html.erb
  Rendering students/new.html.erb within layouts/application
  Rendered students/new.html.erb within layouts/application (Duration: 2.3ms | GC: 0.0ms)
  Rendered layout layouts/application.html.erb (Duration: 3.8ms | GC: 0.0ms)
Completed 200 OK in 786ms (Views: 4.9ms | ActiveRecord: 20.4ms (1 query, 0 cached) | GC: 0.0ms)


  [1m[36mActiveRecord::InternalMetadata Load (0.2ms)[0m  [1m[34mSELECT * FROM "ar_internal_metadata" WHERE "ar_internal_metadata"."key" = 'environment' ORDER BY "ar_internal_metadata"."key" ASC LIMIT 1 /*application='SmartEnroll'*/[0m
  [1m[36mActiveRecord::SchemaMigration Load (0.1ms)[0m  [1m[34mSELECT "schema_migrations"."version" FROM "schema_migrations" ORDER BY "schema_migrations"."version" ASC /*application='SmartEnroll'*/[0m
Migrating to AddDefaultToCreditsEarned (20250329194919)
  [1m[36mTRANSACTION (0.1ms)[0m  [1m[35mBEGIN immediate TRANSACTION /*application='SmartEnroll'*/[0m
  [1m[35mSQL (0.0ms)[0m  [1m[35mPRAGMA foreign_keys /*application='SmartEnroll'*/[0m
  [1m[35mSQL (0.0ms)[0m  [1m[35mPRAGMA defer_foreign_keys /*application='SmartEnroll'*/[0m
  [1m[35m (0.0ms)[0m  [1m[35mPRAGMA defer_foreign_keys = ON /*application='SmartEnroll'*/[0m
  [1m[35m (0.0ms)[0m  [1m[35mPRAGMA foreign_keys = OFF /*application='SmartEnroll'*/[0m
  [1m[35m (1.5ms)[0m  [1m[35mCREATE TEMPORARY TABLE "astudents" ("id" integer PRIMARY KEY AUTOINCREMENT NOT NULL, "email" varchar, "name" varchar, "password_digest" varchar, "credits_earned" integer, "created_at" datetime(6) NOT NULL, "updated_at" datetime(6) NOT NULL) /*application='SmartEnroll'*/[0m
  [1m[35mSQL (0.2ms)[0m  [1m[32mINSERT INTO "astudents" ("id","email","name","password_digest","credits_earned","created_at","updated_at")
                     SELECT "id","email","name","password_digest","credits_earned","created_at","updated_at" FROM "students" /*application='SmartEnroll'*/[0m
  [1m[35m (0.2ms)[0m  [1m[35mDROP TABLE "students" /*application='SmartEnroll'*/[0m
  [1m[35m (0.1ms)[0m  [1m[35mCREATE TABLE "students" ("id" integer PRIMARY KEY AUTOINCREMENT NOT NULL, "email" varchar, "name" varchar, "password_digest" varchar, "credits_earned" integer DEFAULT 0, "created_at" datetime(6) NOT NULL, "updated_at" datetime(6) NOT NULL) /*application='SmartEnroll'*/[0m
  [1m[35mSQL (0.1ms)[0m  [1m[32mINSERT INTO "students" ("id","email","name","password_digest","credits_earned","created_at","updated_at")
                     SELECT "id","email","name","password_digest","credits_earned","created_at","updated_at" FROM "astudents" /*application='SmartEnroll'*/[0m
  [1m[35m (0.1ms)[0m  [1m[35mDROP TABLE "astudents" /*application='SmartEnroll'*/[0m
  [1m[35m (0.1ms)[0m  [1m[35mPRAGMA defer_foreign_keys = 0 /*application='SmartEnroll'*/[0m
  [1m[35m (0.0ms)[0m  [1m[35mPRAGMA foreign_keys = 1 /*application='SmartEnroll'*/[0m
  [1m[36mActiveRecord::SchemaMigration Create (0.3ms)[0m  [1m[32mINSERT INTO "schema_migrations" ("version") VALUES ('20250329194919') RETURNING "version" /*application='SmartEnroll'*/[0m
  [1m[36mTRANSACTION (3.3ms)[0m  [1m[35mCOMMIT TRANSACTION /*application='SmartEnroll'*/[0m
  [1m[36mActiveRecord::SchemaMigration Load (0.1ms)[0m  [1m[34mSELECT "schema_migrations"."version" FROM "schema_migrations" ORDER BY "schema_migrations"."version" ASC /*application='SmartEnroll'*/[0m
Started GET "/" for ::1 at 2025-03-29 15:51:11 -0400
  [1m[36mActiveRecord::SchemaMigration Load (0.2ms)[0m  [1m[34mSELECT "schema_migrations"."version" FROM "schema_migrations" ORDER BY "schema_migrations"."version" ASC /*application='SmartEnroll'*/[0m
Processing by HomeController#index as HTML
  Rendering layout layouts/application.html.erb
  Rendering home/index.html.erb within layouts/application
  Rendered home/index.html.erb within layouts/application (Duration: 1.8ms | GC: 0.0ms)
  Rendered layout layouts/application.html.erb (Duration: 92.8ms | GC: 0.2ms)
Completed 200 OK in 1637ms (Views: 118.2ms | ActiveRecord: 0.0ms (0 queries, 0 cached) | GC: 0.2ms)


Started GET "/students/new" for ::1 at 2025-03-29 15:51:15 -0400
Processing by StudentsController#new as HTML
  Rendering layout layouts/application.html.erb
  Rendering students/new.html.erb within layouts/application
  Rendered students/new.html.erb within layouts/application (Duration: 14.6ms | GC: 0.0ms)
  Rendered layout layouts/application.html.erb (Duration: 16.3ms | GC: 0.0ms)
Completed 200 OK in 593ms (Views: 22.6ms | ActiveRecord: 3.4ms (0 queries, 0 cached) | GC: 0.0ms)


Started POST "/students" for ::1 at 2025-03-29 15:51:24 -0400
Processing by StudentsController#create as TURBO_STREAM
  Parameters: {"authenticity_token" => "[FILTERED]", "student" => {"name" => "Carlos Caraballo", "email" => "[FILTERED]", "password" => "[FILTERED]", "password_confirmation" => "[FILTERED]"}, "commit" => "Sign Up"}
  [1m[36mTRANSACTION (0.2ms)[0m  [1m[35mBEGIN immediate TRANSACTION /*action='create',application='SmartEnroll',controller='students'*/[0m
  ↳ app/controllers/students_controller.rb:31:in 'StudentsController#create'
  [1m[36mStudent Exists? (3.7ms)[0m  [1m[34mSELECT 1 AS one FROM "students" WHERE "students"."email" = 'ca.caraballo@yahoo.com' LIMIT 1 /*action='create',application='SmartEnroll',controller='students'*/[0m
  ↳ app/controllers/students_controller.rb:31:in 'StudentsController#create'
  [1m[36mStudent Create (0.4ms)[0m  [1m[32mINSERT INTO "students" ("email", "name", "password_digest", "credits_earned", "created_at", "updated_at") VALUES ('ca.caraballo@yahoo.com', 'Carlos Caraballo', '$2a$12$tKbgLU428YnCBv73IuUIBOnwrQlx4tWP/vKfZxTbYCvB0qD1/rR0e', 0, '2025-03-29 19:51:25.612754', '2025-03-29 19:51:25.612754') RETURNING "id" /*action='create',application='SmartEnroll',controller='students'*/[0m
  ↳ app/controllers/students_controller.rb:31:in 'StudentsController#create'
  [1m[36mTRANSACTION (2.0ms)[0m  [1m[35mCOMMIT TRANSACTION /*action='create',application='SmartEnroll',controller='students'*/[0m
  ↳ app/controllers/students_controller.rb:31:in 'StudentsController#create'
Redirected to http://[::1]:3000/
Completed 302 Found in 794ms (ActiveRecord: 6.2ms (2 queries, 0 cached) | GC: 0.0ms)


Started GET "/" for ::1 at 2025-03-29 15:51:25 -0400
Processing by HomeController#index as TURBO_STREAM
  Rendering layout layouts/application.html.erb
  Rendering home/index.html.erb within layouts/application
  Rendered home/index.html.erb within layouts/application (Duration: 0.6ms | GC: 0.0ms)
  Rendered layout layouts/application.html.erb (Duration: 2.2ms | GC: 0.0ms)
Completed 200 OK in 613ms (Views: 2.9ms | ActiveRecord: 0.0ms (0 queries, 0 cached) | GC: 0.0ms)


Started GET "/students/new" for ::1 at 2025-03-29 15:52:00 -0400
Processing by StudentsController#new as HTML
  Rendering layout layouts/application.html.erb
  Rendering students/new.html.erb within layouts/application
  Rendered students/new.html.erb within layouts/application (Duration: 8.8ms | GC: 0.0ms)
  Rendered layout layouts/application.html.erb (Duration: 16.3ms | GC: 0.0ms)
Completed 200 OK in 822ms (Views: 18.0ms | ActiveRecord: 0.0ms (0 queries, 0 cached) | GC: 0.0ms)


Started POST "/login.php" for ::1 at 2025-03-29 15:52:12 -0400
  
ActionController::RoutingError (No route matches [POST] "/login.php"):
  
Started GET "/" for ::1 at 2025-03-29 15:52:12 -0400
Processing by HomeController#index as HTML
  Rendering layout layouts/application.html.erb
  Rendering home/index.html.erb within layouts/application
  Rendered home/index.html.erb within layouts/application (Duration: 0.5ms | GC: 0.0ms)
  Rendered layout layouts/application.html.erb (Duration: 2.0ms | GC: 0.0ms)
Completed 200 OK in 663ms (Views: 2.7ms | ActiveRecord: 0.0ms (0 queries, 0 cached) | GC: 0.0ms)


Started GET "/" for ::1 at 2025-03-29 16:00:15 -0400
Processing by HomeController#index as HTML
  Rendering layout layouts/application.html.erb
  Rendering home/index.html.erb within layouts/application
  Rendered home/index.html.erb within layouts/application (Duration: 2.3ms | GC: 0.0ms)
  Rendered layout layouts/application.html.erb (Duration: 3.5ms | GC: 0.0ms)
Completed 500 Internal Server Error in 809ms (ActiveRecord: 0.0ms (0 queries, 0 cached) | GC: 0.0ms)


  
ActionView::Template::Error (undefined local variable or method 'login_path' for an instance of #<Class:0x000001aa74ecb380>)
Caused by: NameError (undefined local variable or method 'login_path' for an instance of #<Class:0x000001aa74ecb380>)

Information for: ActionView::Template::Error (undefined local variable or method 'login_path' for an instance of #<Class:0x000001aa74ecb380>):
    125:     <div class="login-container">
    126:         <!-- Logo added here -->
    127:         <div class="header">WELCOME TO SMART ENROLL</div>
    128:         <form action="<%= login_path %>" method="POST">
    129:         <div class="input-container">
    130:           <label for="email">Email:</label>
    131:           <input type="email" id="email" name="email" placeholder="Enter Your Email" required>
  
app/views/home/index.html.erb:128

Information for cause: NameError (undefined local variable or method 'login_path' for an instance of #<Class:0x000001aa74ecb380>):
  
app/views/home/index.html.erb:128
Started GET "/" for ::1 at 2025-03-29 16:01:37 -0400
Processing by HomeController#index as HTML
  Rendering layout layouts/application.html.erb
  Rendering home/index.html.erb within layouts/application
  Rendered home/index.html.erb within layouts/application (Duration: 1.2ms | GC: 0.0ms)
  Rendered layout layouts/application.html.erb (Duration: 6.5ms | GC: 0.0ms)
Completed 200 OK in 565ms (Views: 12.0ms | ActiveRecord: 0.0ms (0 queries, 0 cached) | GC: 0.0ms)


Started POST "/login" for ::1 at 2025-03-29 16:01:46 -0400
Processing by SessionsController#create as TURBO_STREAM
  Parameters: {"email" => "[FILTERED]", "password" => "[FILTERED]"}
  [1m[36mStudent Load (2.8ms)[0m  [1m[34mSELECT "students".* FROM "students" WHERE "students"."email" = 'ca.caraballo@yahoo.com' LIMIT 1 /*action='create',application='SmartEnroll',controller='sessions'*/[0m
  ↳ app/controllers/sessions_controller.rb:6:in 'SessionsController#create'
Completed 500 Internal Server Error in 798ms (ActiveRecord: 2.7ms (1 query, 0 cached) | GC: 0.0ms)


  
NameError (undefined local variable or method 'dashboard_path' for an instance of SessionsController):
  
app/controllers/sessions_controller.rb:10:in 'SessionsController#create'
Started GET "/" for ::1 at 2025-03-29 16:03:34 -0400
Processing by HomeController#index as HTML
  Rendering layout layouts/application.html.erb
  Rendering home/index.html.erb within layouts/application
  Rendered home/index.html.erb within layouts/application (Duration: 1.2ms | GC: 0.0ms)
  Rendered layout layouts/application.html.erb (Duration: 11.9ms | GC: 0.0ms)
Completed 200 OK in 691ms (Views: 17.4ms | ActiveRecord: 0.0ms (0 queries, 0 cached) | GC: 0.0ms)


Started POST "/login" for ::1 at 2025-03-29 16:03:39 -0400
Processing by SessionsController#create as TURBO_STREAM
  Parameters: {"email" => "[FILTERED]", "password" => "[FILTERED]"}
  [1m[36mStudent Load (0.2ms)[0m  [1m[34mSELECT "students".* FROM "students" WHERE "students"."email" = 'ca.caraballo@yahoo.com' LIMIT 1 /*action='create',application='SmartEnroll',controller='sessions'*/[0m
  ↳ app/controllers/sessions_controller.rb:6:in 'SessionsController#create'
Completed 500 Internal Server Error in 716ms (ActiveRecord: 4.6ms (1 query, 0 cached) | GC: 0.0ms)


  
NameError (undefined local variable or method 'dashboard_path' for an instance of SessionsController):
  
app/controllers/sessions_controller.rb:15:in 'SessionsController#create'
